<?xml version="1.0" encoding="UTF-8"?>
<!-- Generated by org.testng.reporters.JUnitReportReporter -->
<testsuite skipped="0" hostname="LAPTOP-V8C83NA5" name="com.myproject.qa.testcases.Loginpagetest" tests="3" failures="0" timestamp="02 Nov 2020 04:10:58 GMT" time="44.701" errors="0">
  <testcase name="loginpagetititletest" time="11.569" classname="com.myproject.qa.testcases.Loginpagetest"/>
  <testcase name="CGSLogoTest" time="12.567" classname="com.myproject.qa.testcases.Loginpagetest"/>
  <testcase name="LoginTest" time="20.565" classname="com.myproject.qa.testcases.Loginpagetest"/>
</testsuite> <!-- com.myproject.qa.testcases.Loginpagetest -->
