<?xml version="1.0" encoding="UTF-8"?>
<!-- Generated by org.testng.reporters.JUnitReportReporter -->
<testsuite skipped="0" hostname="LAPTOP-V8C83NA5" name="com.myproject.qa.testcases.Loginpagetest" tests="3" failures="0" timestamp="16 Dec 2020 15:46:14 GMT" time="57.159" errors="0">
  <testcase name="loginpagetititletest" time="15.851" classname="com.myproject.qa.testcases.Loginpagetest"/>
  <testcase name="CGSLogoTest" time="18.513" classname="com.myproject.qa.testcases.Loginpagetest"/>
  <testcase name="LoginTest" time="22.795" classname="com.myproject.qa.testcases.Loginpagetest"/>
</testsuite> <!-- com.myproject.qa.testcases.Loginpagetest -->
