<?xml version="1.0" encoding="UTF-8"?>
<!-- Generated by org.testng.reporters.JUnitReportReporter -->
<testsuite skipped="0" hostname="LAPTOP-V8C83NA5" name="com.myproject.qa.testcases.Inspecteddatapagetest" tests="1" failures="0" timestamp="08 Nov 2020 05:06:11 GMT" time="37.168" errors="0">
  <testcase name="verifyinspectpagetest" time="37.168" classname="com.myproject.qa.testcases.Inspecteddatapagetest"/>
</testsuite> <!-- com.myproject.qa.testcases.Inspecteddatapagetest -->
