<?xml version="1.0" encoding="UTF-8"?>
<!-- Generated by org.testng.reporters.JUnitReportReporter -->
<testsuite skipped="0" hostname="LAPTOP-V8C83NA5" name="com.myproject.qa.testcases.Homepagetest" tests="4" failures="0" timestamp="15 Dec 2020 16:05:22 GMT" time="129.475" errors="0">
  <testcase name="verifyHomepagetitletest" time="19.860" classname="com.myproject.qa.testcases.Homepagetest"/>
  <testcase name="verifyhomepagelabeltest" time="37.800" classname="com.myproject.qa.testcases.Homepagetest"/>
  <testcase name="verifyinspectionpagelink" time="27.547" classname="com.myproject.qa.testcases.Homepagetest"/>
  <testcase name="verifysummarypagelink" time="44.268" classname="com.myproject.qa.testcases.Homepagetest"/>
</testsuite> <!-- com.myproject.qa.testcases.Homepagetest -->
