<?xml version="1.0" encoding="UTF-8"?>
<!-- Generated by org.testng.reporters.JUnitReportReporter -->
<testsuite skipped="0" hostname="LAPTOP-V8C83NA5" name="com.myproject.qa.testcases.Homepagetest" tests="4" failures="0" timestamp="08 Nov 2020 04:48:50 GMT" time="84.514" errors="0">
  <testcase name="verifyHomepagetitletest" time="16.984" classname="com.myproject.qa.testcases.Homepagetest"/>
  <testcase name="verifyhomepagelabeltest" time="17.355" classname="com.myproject.qa.testcases.Homepagetest"/>
  <testcase name="verifyinspectionpagelink" time="24.157" classname="com.myproject.qa.testcases.Homepagetest"/>
  <testcase name="verifysummarypagelink" time="26.018" classname="com.myproject.qa.testcases.Homepagetest"/>
</testsuite> <!-- com.myproject.qa.testcases.Homepagetest -->
