<?xml version="1.0" encoding="UTF-8"?>
<!-- Generated by org.testng.reporters.JUnitReportReporter -->
<testsuite skipped="0" hostname="LAPTOP-V8C83NA5" name="com.myproject.qa.testcases.Inspecteddatapagetest" tests="1" failures="0" timestamp="02 Nov 2020 04:10:58 GMT" time="40.171" errors="0">
  <testcase name="verifyinspectpagetest" time="40.171" classname="com.myproject.qa.testcases.Inspecteddatapagetest"/>
</testsuite> <!-- com.myproject.qa.testcases.Inspecteddatapagetest -->
