<?xml version="1.0" encoding="UTF-8"?>
<!-- Generated by org.testng.reporters.JUnitReportReporter -->
<testsuite skipped="0" hostname="LAPTOP-V8C83NA5" name="com.myproject.qa.testcases.Loginpagetest" tests="3" failures="0" timestamp="08 Nov 2020 05:01:48 GMT" time="39.382" errors="0">
  <testcase name="loginpagetititletest" time="9.870" classname="com.myproject.qa.testcases.Loginpagetest"/>
  <testcase name="CGSLogoTest" time="11.388" classname="com.myproject.qa.testcases.Loginpagetest"/>
  <testcase name="LoginTest" time="18.124" classname="com.myproject.qa.testcases.Loginpagetest"/>
</testsuite> <!-- com.myproject.qa.testcases.Loginpagetest -->
