<?xml version="1.0" encoding="UTF-8"?>
<!-- Generated by org.testng.reporters.JUnitReportReporter -->
<testsuite skipped="0" hostname="LAPTOP-V8C83NA5" name="com.myproject.qa.testcases.Newinspectionpagetest" tests="1" failures="0" timestamp="29 Nov 2020 05:19:20 GMT" time="25.783" errors="0">
  <testcase name="verifynewinspectiontest" time="25.783" classname="com.myproject.qa.testcases.Newinspectionpagetest"/>
</testsuite> <!-- com.myproject.qa.testcases.Newinspectionpagetest -->
