<?xml version="1.0" encoding="UTF-8"?>
<!-- Generated by org.testng.reporters.JUnitReportReporter -->
<testsuite skipped="0" hostname="LAPTOP-V8C83NA5" name="com.myproject.qa.testcases.Homepagetest" tests="4" failures="0" timestamp="02 Nov 2020 04:10:58 GMT" time="85.536" errors="0">
  <testcase name="verifyHomepagetitletest" time="19.769" classname="com.myproject.qa.testcases.Homepagetest"/>
  <testcase name="verifyhomepagelabeltest" time="18.544" classname="com.myproject.qa.testcases.Homepagetest"/>
  <testcase name="verifyinspectionpagelink" time="24.174" classname="com.myproject.qa.testcases.Homepagetest"/>
  <testcase name="verifysummarypagelink" time="23.049" classname="com.myproject.qa.testcases.Homepagetest"/>
</testsuite> <!-- com.myproject.qa.testcases.Homepagetest -->
