<?xml version="1.0" encoding="UTF-8"?>
<!-- Generated by org.testng.reporters.JUnitReportReporter -->
<testsuite skipped="0" hostname="LAPTOP-V8C83NA5" name="com.myproject.qa.testcases.Loginpagetest" tests="3" failures="0" timestamp="25 Nov 2020 11:59:47 GMT" time="39.160" errors="0">
  <testcase name="loginpagetititletest" time="9.188" classname="com.myproject.qa.testcases.Loginpagetest"/>
  <testcase name="CGSLogoTest" time="12.818" classname="com.myproject.qa.testcases.Loginpagetest"/>
  <testcase name="LoginTest" time="17.154" classname="com.myproject.qa.testcases.Loginpagetest"/>
</testsuite> <!-- com.myproject.qa.testcases.Loginpagetest -->
