<?xml version="1.0" encoding="UTF-8"?>
<!-- Generated by org.testng.reporters.JUnitReportReporter -->
<testsuite skipped="0" hostname="LAPTOP-V8C83NA5" name="com.myproject.qa.testcases.Inspecteddatapagetest" tests="1" failures="0" timestamp="25 Nov 2020 11:59:47 GMT" time="33.406" errors="0">
  <testcase name="verifyinspectpagetest" time="33.406" classname="com.myproject.qa.testcases.Inspecteddatapagetest"/>
</testsuite> <!-- com.myproject.qa.testcases.Inspecteddatapagetest -->
