<?xml version="1.0" encoding="UTF-8"?>
<!-- Generated by org.testng.reporters.JUnitReportReporter -->
<testsuite skipped="0" hostname="LAPTOP-V8C83NA5" name="com.myproject.qa.testcases.Homepagetest" tests="4" failures="0" timestamp="25 Nov 2020 11:59:47 GMT" time="74.489" errors="0">
  <testcase name="verifyHomepagetitletest" time="16.699" classname="com.myproject.qa.testcases.Homepagetest"/>
  <testcase name="verifyhomepagelabeltest" time="16.935" classname="com.myproject.qa.testcases.Homepagetest"/>
  <testcase name="verifyinspectionpagelink" time="21.030" classname="com.myproject.qa.testcases.Homepagetest"/>
  <testcase name="verifysummarypagelink" time="19.825" classname="com.myproject.qa.testcases.Homepagetest"/>
</testsuite> <!-- com.myproject.qa.testcases.Homepagetest -->
