<?xml version="1.0" encoding="UTF-8"?>
<!-- Generated by org.testng.reporters.JUnitReportReporter -->
<testsuite skipped="0" hostname="LAPTOP-V8C83NA5" name="com.myproject.qa.testcases.Loginpagetest" tests="3" failures="0" timestamp="07 Nov 2020 05:23:26 GMT" time="37.535" errors="0">
  <testcase name="loginpagetititletest" time="9.886" classname="com.myproject.qa.testcases.Loginpagetest"/>
  <testcase name="CGSLogoTest" time="10.699" classname="com.myproject.qa.testcases.Loginpagetest"/>
  <testcase name="LoginTest" time="16.950" classname="com.myproject.qa.testcases.Loginpagetest"/>
</testsuite> <!-- com.myproject.qa.testcases.Loginpagetest -->
