<?xml version="1.0" encoding="UTF-8"?>
<!-- Generated by org.testng.reporters.JUnitReportReporter -->
<testsuite skipped="0" hostname="LAPTOP-V8C83NA5" name="com.myproject.qa.testcases.Homepagetest" tests="4" failures="0" timestamp="07 Nov 2020 05:23:26 GMT" time="77.814" errors="0">
  <testcase name="verifyHomepagetitletest" time="17.205" classname="com.myproject.qa.testcases.Homepagetest"/>
  <testcase name="verifyhomepagelabeltest" time="19.131" classname="com.myproject.qa.testcases.Homepagetest"/>
  <testcase name="verifyinspectionpagelink" time="21.144" classname="com.myproject.qa.testcases.Homepagetest"/>
  <testcase name="verifysummarypagelink" time="20.334" classname="com.myproject.qa.testcases.Homepagetest"/>
</testsuite> <!-- com.myproject.qa.testcases.Homepagetest -->
